<?xml version="1.0" encoding="UTF-8"?>
<testsuite name="GameStateTest" tests="8" skipped="0" failures="0" errors="0" timestamp="2024-12-03T11:26:52" hostname="LAPTOP-KVEE65R3" time="0.074">
  <properties/>
  <testcase name="testMultipleEntities()" classname="GameStateTest" time="0.04"/>
  <testcase name="testAddBird()" classname="GameStateTest" time="0.003"/>
  <testcase name="testDefaultValues()" classname="GameStateTest" time="0.005"/>
  <testcase name="testResumeGame()" classname="GameStateTest" time="0.002"/>
  <testcase name="testAddBlock()" classname="GameStateTest" time="0.003"/>
  <testcase name="testEdgeCases()" classname="GameStateTest" time="0.002"/>
  <testcase name="testAddPig()" classname="GameStateTest" time="0.002"/>
  <testcase name="testPauseGame()" classname="GameStateTest" time="0.002"/>
  <system-out><![CDATA[]]></system-out>
  <system-err><![CDATA[]]></system-err>
</testsuite>
